<?xml version="1.0" encoding="UTF-8"?>
<robot generator="Robot 4.1.3 (Python 3.10.2 on win32)" generated="20220422 10:49:30.019" rpa="false" schemaversion="2">
<suite id="s1" name="Exercise2 Dist" source="C:\Users\phamd\Desktop\Robot\2.Assignment2\exercise2_dist">
<suite id="s1-s1" name="Morse" source="C:\Users\phamd\Desktop\Robot\2.Assignment2\exercise2_dist\morse.robot">
<test id="s1-s1-t1" name="Templated test case">
<kw name="Send check">
<arg>${speed}</arg>
<arg>${name}</arg>
<kw name="Replace String Using Regexp" library="String">
<var>${ConvertName}</var>
<arg>${Name}</arg>
<arg>[^a-zA-Z${SPACE}]</arg>
<arg>X</arg>
<doc>Replaces ``pattern`` in the given ``string`` with ``replace_with``.</doc>
<msg timestamp="20220422 10:49:32.703" level="INFO">${ConvertName} = AnnaXXX</msg>
<status status="PASS" starttime="20220422 10:49:32.701" endtime="20220422 10:49:32.704"/>
</kw>
<kw name="Convert To Upper Case" library="String">
<var>${ExpectedName}</var>
<arg>${ConvertName}</arg>
<doc>Converts string to upper case.</doc>
<msg timestamp="20220422 10:49:32.709" level="INFO">${ExpectedName} = ANNAXXX</msg>
<status status="PASS" starttime="20220422 10:49:32.706" endtime="20220422 10:49:32.709"/>
</kw>
<kw name="Log" library="BuiltIn">
<arg>${Input_Speed}</arg>
<doc>Logs the given message with the given level.</doc>
<msg timestamp="20220422 10:49:32.710" level="INFO">55</msg>
<status status="PASS" starttime="20220422 10:49:32.709" endtime="20220422 10:49:32.710"/>
</kw>
<kw name="Log" library="BuiltIn">
<arg>${ExpectedName}</arg>
<doc>Logs the given message with the given level.</doc>
<msg timestamp="20220422 10:49:32.711" level="INFO">ANNAXXX</msg>
<status status="PASS" starttime="20220422 10:49:32.711" endtime="20220422 10:49:32.712"/>
</kw>
<kw name="Set Speed" library="MorseDecoderLibrary">
<arg>${Input_Speed}</arg>
<status status="PASS" starttime="20220422 10:49:32.712" endtime="20220422 10:49:32.747"/>
</kw>
<kw name="Send Text" library="MorseDecoderLibrary">
<arg>${Name}</arg>
<status status="PASS" starttime="20220422 10:49:32.747" endtime="20220422 10:49:32.748"/>
</kw>
<kw name="Speed Should Be" library="MorseDecoderLibrary">
<arg>${Input_Speed}</arg>
<status status="PASS" starttime="20220422 10:49:32.749" endtime="20220422 10:49:32.958"/>
</kw>
<kw name="Text Should Be" library="MorseDecoderLibrary">
<arg>${ExpectedName}</arg>
<status status="PASS" starttime="20220422 10:49:32.958" endtime="20220422 10:49:34.238"/>
</kw>
<status status="PASS" starttime="20220422 10:49:32.697" endtime="20220422 10:49:34.239"/>
</kw>
<kw name="Send check">
<arg>55</arg>
<arg>Phuong Ta</arg>
<kw name="Replace String Using Regexp" library="String">
<var>${ConvertName}</var>
<arg>${Name}</arg>
<arg>[^a-zA-Z${SPACE}]</arg>
<arg>X</arg>
<doc>Replaces ``pattern`` in the given ``string`` with ``replace_with``.</doc>
<msg timestamp="20220422 10:49:34.246" level="INFO">${ConvertName} = Phuong Ta</msg>
<status status="PASS" starttime="20220422 10:49:34.244" endtime="20220422 10:49:34.246"/>
</kw>
<kw name="Convert To Upper Case" library="String">
<var>${ExpectedName}</var>
<arg>${ConvertName}</arg>
<doc>Converts string to upper case.</doc>
<msg timestamp="20220422 10:49:34.248" level="INFO">${ExpectedName} = PHUONG TA</msg>
<status status="PASS" starttime="20220422 10:49:34.247" endtime="20220422 10:49:34.248"/>
</kw>
<kw name="Log" library="BuiltIn">
<arg>${Input_Speed}</arg>
<doc>Logs the given message with the given level.</doc>
<msg timestamp="20220422 10:49:34.250" level="INFO">55</msg>
<status status="PASS" starttime="20220422 10:49:34.249" endtime="20220422 10:49:34.251"/>
</kw>
<kw name="Log" library="BuiltIn">
<arg>${ExpectedName}</arg>
<doc>Logs the given message with the given level.</doc>
<msg timestamp="20220422 10:49:34.252" level="INFO">PHUONG TA</msg>
<status status="PASS" starttime="20220422 10:49:34.251" endtime="20220422 10:49:34.252"/>
</kw>
<kw name="Set Speed" library="MorseDecoderLibrary">
<arg>${Input_Speed}</arg>
<status status="PASS" starttime="20220422 10:49:34.253" endtime="20220422 10:49:34.254"/>
</kw>
<kw name="Send Text" library="MorseDecoderLibrary">
<arg>${Name}</arg>
<status status="PASS" starttime="20220422 10:49:34.254" endtime="20220422 10:49:34.256"/>
</kw>
<kw name="Speed Should Be" library="MorseDecoderLibrary">
<arg>${Input_Speed}</arg>
<status status="PASS" starttime="20220422 10:49:34.257" endtime="20220422 10:49:34.508"/>
</kw>
<kw name="Text Should Be" library="MorseDecoderLibrary">
<arg>${ExpectedName}</arg>
<status status="PASS" starttime="20220422 10:49:34.509" endtime="20220422 10:49:35.985"/>
</kw>
<status status="PASS" starttime="20220422 10:49:34.242" endtime="20220422 10:49:35.986"/>
</kw>
<status status="PASS" starttime="20220422 10:49:32.696" endtime="20220422 10:49:35.987"/>
</test>
<doc>Example of morse transmitter test

Change this example to use data driven style
Test with different texts and speeds</doc>
<status status="PASS" starttime="20220422 10:49:30.141" endtime="20220422 10:49:35.990"/>
</suite>
<status status="PASS" starttime="20220422 10:49:30.027" endtime="20220422 10:49:35.999"/>
</suite>
<statistics>
<total>
<stat pass="1" fail="0" skip="0">All Tests</stat>
</total>
<tag>
</tag>
<suite>
<stat pass="1" fail="0" skip="0" id="s1" name="Exercise2 Dist">Exercise2 Dist</stat>
<stat pass="1" fail="0" skip="0" id="s1-s1" name="Morse">Exercise2 Dist.Morse</stat>
</suite>
</statistics>
<errors>
</errors>
</robot>
