<?xml version="1.0" encoding="UTF-8"?>
<robot generator="Robot 4.1.3 (Python 3.10.2 on win32)" generated="20220422 11:45:45.995" rpa="false" schemaversion="2">
<suite id="s1" name="Morse" source="C:\Users\phamd\Desktop\Jenkins\workspace\morse_master\morse.robot">
<test id="s1-t1" name="Templated test case">
<kw name="Send check">
<arg>${speed}</arg>
<arg>${name}</arg>
<kw name="Replace String Using Regexp" library="String">
<var>${ConvertName}</var>
<arg>${Name}</arg>
<arg>[^a-zA-Z${SPACE}]</arg>
<arg>X</arg>
<doc>Replaces ``pattern`` in the given ``string`` with ``replace_with``.</doc>
<msg timestamp="20220422 11:45:49.462" level="INFO">${ConvertName} = AnnaXXX</msg>
<status status="PASS" starttime="20220422 11:45:49.461" endtime="20220422 11:45:49.462"/>
</kw>
<kw name="Convert To Upper Case" library="String">
<var>${ExpectedName}</var>
<arg>${ConvertName}</arg>
<doc>Converts string to upper case.</doc>
<msg timestamp="20220422 11:45:49.463" level="INFO">${ExpectedName} = ANNAXXX</msg>
<status status="PASS" starttime="20220422 11:45:49.463" endtime="20220422 11:45:49.463"/>
</kw>
<kw name="Log" library="BuiltIn">
<arg>${Input_Speed}</arg>
<doc>Logs the given message with the given level.</doc>
<msg timestamp="20220422 11:45:49.464" level="INFO">55</msg>
<status status="PASS" starttime="20220422 11:45:49.464" endtime="20220422 11:45:49.464"/>
</kw>
<kw name="Log" library="BuiltIn">
<arg>${ExpectedName}</arg>
<doc>Logs the given message with the given level.</doc>
<msg timestamp="20220422 11:45:49.465" level="INFO">ANNAXXX</msg>
<status status="PASS" starttime="20220422 11:45:49.464" endtime="20220422 11:45:49.465"/>
</kw>
<kw name="Set Speed" library="MorseDecoderLibrary">
<arg>${Input_Speed}</arg>
<status status="PASS" starttime="20220422 11:45:49.465" endtime="20220422 11:45:49.505"/>
</kw>
<kw name="Send Text" library="MorseDecoderLibrary">
<arg>${Name}</arg>
<status status="PASS" starttime="20220422 11:45:49.505" endtime="20220422 11:45:49.506"/>
</kw>
<kw name="Speed Should Be" library="MorseDecoderLibrary">
<arg>${Input_Speed}</arg>
<status status="PASS" starttime="20220422 11:45:49.507" endtime="20220422 11:45:49.659"/>
</kw>
<kw name="Text Should Be" library="MorseDecoderLibrary">
<arg>${ExpectedName}</arg>
<status status="PASS" starttime="20220422 11:45:49.660" endtime="20220422 11:45:50.937"/>
</kw>
<status status="PASS" starttime="20220422 11:45:49.457" endtime="20220422 11:45:50.937"/>
</kw>
<kw name="Send check">
<arg>55</arg>
<arg>Phuong Ta</arg>
<kw name="Replace String Using Regexp" library="String">
<var>${ConvertName}</var>
<arg>${Name}</arg>
<arg>[^a-zA-Z${SPACE}]</arg>
<arg>X</arg>
<doc>Replaces ``pattern`` in the given ``string`` with ``replace_with``.</doc>
<msg timestamp="20220422 11:45:50.939" level="INFO">${ConvertName} = Phuong Ta</msg>
<status status="PASS" starttime="20220422 11:45:50.939" endtime="20220422 11:45:50.939"/>
</kw>
<kw name="Convert To Upper Case" library="String">
<var>${ExpectedName}</var>
<arg>${ConvertName}</arg>
<doc>Converts string to upper case.</doc>
<msg timestamp="20220422 11:45:50.940" level="INFO">${ExpectedName} = PHUONG TA</msg>
<status status="PASS" starttime="20220422 11:45:50.940" endtime="20220422 11:45:50.940"/>
</kw>
<kw name="Log" library="BuiltIn">
<arg>${Input_Speed}</arg>
<doc>Logs the given message with the given level.</doc>
<msg timestamp="20220422 11:45:50.941" level="INFO">55</msg>
<status status="PASS" starttime="20220422 11:45:50.940" endtime="20220422 11:45:50.941"/>
</kw>
<kw name="Log" library="BuiltIn">
<arg>${ExpectedName}</arg>
<doc>Logs the given message with the given level.</doc>
<msg timestamp="20220422 11:45:50.943" level="INFO">PHUONG TA</msg>
<status status="PASS" starttime="20220422 11:45:50.941" endtime="20220422 11:45:50.944"/>
</kw>
<kw name="Set Speed" library="MorseDecoderLibrary">
<arg>${Input_Speed}</arg>
<status status="PASS" starttime="20220422 11:45:50.944" endtime="20220422 11:45:50.945"/>
</kw>
<kw name="Send Text" library="MorseDecoderLibrary">
<arg>${Name}</arg>
<status status="PASS" starttime="20220422 11:45:50.946" endtime="20220422 11:45:50.947"/>
</kw>
<kw name="Speed Should Be" library="MorseDecoderLibrary">
<arg>${Input_Speed}</arg>
<status status="PASS" starttime="20220422 11:45:50.947" endtime="20220422 11:45:51.212"/>
</kw>
<kw name="Text Should Be" library="MorseDecoderLibrary">
<arg>${ExpectedName}</arg>
<status status="PASS" starttime="20220422 11:45:51.213" endtime="20220422 11:45:52.686"/>
</kw>
<status status="PASS" starttime="20220422 11:45:50.937" endtime="20220422 11:45:52.686"/>
</kw>
<status status="PASS" starttime="20220422 11:45:49.455" endtime="20220422 11:45:52.687"/>
</test>
<doc>Example of morse transmitter test

Change this example to use data driven style
Test with different texts and speeds</doc>
<status status="PASS" starttime="20220422 11:45:46.003" endtime="20220422 11:45:52.690"/>
</suite>
<statistics>
<total>
<stat pass="1" fail="0" skip="0">All Tests</stat>
</total>
<tag>
</tag>
<suite>
<stat pass="1" fail="0" skip="0" id="s1" name="Morse">Morse</stat>
</suite>
</statistics>
<errors>
</errors>
</robot>
