<?xml version="1.0" encoding="UTF-8"?>
<robot generator="Robot 4.1.3 (Python 3.10.2 on win32)" generated="20220413 22:08:49.679" rpa="false" schemaversion="2">
<suite id="s1" name="Morse" source="C:\Users\phamd\Desktop\robot ass\4.Using tags\Assignment\morse.robot">
<test id="s1-t1" name="Expected speed is equal input speed">
<kw name="Turn off WPM and IMM" library="testKeyWord" type="SETUP">
<arg>OFF</arg>
<kw name="Set Wpm" library="MorseDecoderLibrary">
<arg>${controller}</arg>
<status status="PASS" starttime="20220413 22:08:49.897" endtime="20220413 22:08:49.901"/>
</kw>
<kw name="Set Imm" library="MorseDecoderLibrary">
<arg>${controller}</arg>
<status status="PASS" starttime="20220413 22:08:49.902" endtime="20220413 22:08:49.907"/>
</kw>
<status status="PASS" starttime="20220413 22:08:49.895" endtime="20220413 22:08:49.907"/>
</kw>
<kw name="Comprate input speed with expected speed" library="testKeyWord">
<arg>${speed}</arg>
<kw name="Speed Should Be" library="MorseDecoderLibrary">
<arg>${speed}</arg>
<status status="PASS" starttime="20220413 22:08:49.911" endtime="20220413 22:08:49.918"/>
</kw>
<status status="PASS" starttime="20220413 22:08:49.909" endtime="20220413 22:08:49.918"/>
</kw>
<kw name="Turn on WPM and IMM" library="testKeyWord" type="TEARDOWN">
<arg>ON</arg>
<kw name="Set Wpm" library="MorseDecoderLibrary">
<arg>${controller}</arg>
<status status="PASS" starttime="20220413 22:08:49.931" endtime="20220413 22:08:49.946"/>
</kw>
<kw name="Set Imm" library="MorseDecoderLibrary">
<arg>${controller}</arg>
<status status="PASS" starttime="20220413 22:08:49.946" endtime="20220413 22:08:49.952"/>
</kw>
<status status="PASS" starttime="20220413 22:08:49.927" endtime="20220413 22:08:49.952"/>
</kw>
<tag>Exactly speed</tag>
<status status="PASS" starttime="20220413 22:08:49.893" endtime="20220413 22:08:49.953"/>
</test>
<doc>Example of morse transmitter test

Change this example to use data driven style
Test with different texts and speeds</doc>
<status status="PASS" starttime="20220413 22:08:49.685" endtime="20220413 22:08:49.957"/>
</suite>
<statistics>
<total>
<stat pass="1" fail="0" skip="0">All Tests</stat>
</total>
<tag>
<stat pass="1" fail="0" skip="0">Exactly speed</stat>
</tag>
<suite>
<stat pass="1" fail="0" skip="0" id="s1" name="Morse">Morse</stat>
</suite>
</statistics>
<errors>
</errors>
</robot>
