<?xml version="1.0" encoding="UTF-8"?>
<robot generator="Robot 4.1.3 (Python 3.10.2 on win32)" generated="20220406 21:55:41.954" rpa="false" schemaversion="2">
<suite id="s1" name="Morse" source="C:\Users\phamd\Desktop\robot ass\Assignment 3\Assignment\morse.robot">
<test id="s1-t1" name="Templated test case">
<kw name="Turn off WPM and IMM" library="testKeyWord" type="SETUP">
<arg>OFF</arg>
<kw name="Set Wpm" library="MorseDecoderLibrary">
<arg>${controller}</arg>
<status status="PASS" starttime="20220406 21:55:42.154" endtime="20220406 21:55:42.158"/>
</kw>
<kw name="Set Imm" library="MorseDecoderLibrary">
<arg>${controller}</arg>
<status status="PASS" starttime="20220406 21:55:42.158" endtime="20220406 21:55:42.163"/>
</kw>
<status status="PASS" starttime="20220406 21:55:42.151" endtime="20220406 21:55:42.164"/>
</kw>
<kw name="Send check" library="testKeyWord">
<arg>${speed}</arg>
<arg>${name}</arg>
<kw name="Replace String Using Regexp" library="String">
<var>${ConvertName}</var>
<arg>${Name}</arg>
<arg>[^a-zA-Z${SPACE}]</arg>
<arg>X</arg>
<doc>Replaces ``pattern`` in the given ``string`` with ``replace_with``.</doc>
<msg timestamp="20220406 21:55:42.171" level="INFO">${ConvertName} = AnnaXXX</msg>
<status status="PASS" starttime="20220406 21:55:42.169" endtime="20220406 21:55:42.171"/>
</kw>
<kw name="Convert To Upper Case" library="String">
<var>${ExpectedName}</var>
<arg>${ConvertName}</arg>
<doc>Converts string to upper case.</doc>
<msg timestamp="20220406 21:55:42.174" level="INFO">${ExpectedName} = ANNAXXX</msg>
<status status="PASS" starttime="20220406 21:55:42.171" endtime="20220406 21:55:42.176"/>
</kw>
<kw name="Set Speed" library="MorseDecoderLibrary">
<arg>${Input_Speed}</arg>
<status status="PASS" starttime="20220406 21:55:42.180" endtime="20220406 21:55:42.182"/>
</kw>
<kw name="Send Text" library="MorseDecoderLibrary">
<arg>${Name}</arg>
<status status="PASS" starttime="20220406 21:55:42.182" endtime="20220406 21:55:42.183"/>
</kw>
<kw name="Text Should Be" library="MorseDecoderLibrary">
<arg>${ExpectedName}</arg>
<status status="PASS" starttime="20220406 21:55:42.183" endtime="20220406 21:55:43.778"/>
</kw>
<kw name="Speed Should Be" library="MorseDecoderLibrary">
<arg>${Input_Speed}</arg>
<status status="PASS" starttime="20220406 21:55:43.779" endtime="20220406 21:55:43.782"/>
</kw>
<status status="PASS" starttime="20220406 21:55:42.165" endtime="20220406 21:55:43.783"/>
</kw>
<kw name="Turn on WPM and IMM" library="testKeyWord" type="TEARDOWN">
<arg>ON</arg>
<kw name="Set Wpm" library="MorseDecoderLibrary">
<arg>${controller}</arg>
<status status="PASS" starttime="20220406 21:55:43.790" endtime="20220406 21:55:43.794"/>
</kw>
<kw name="Set Imm" library="MorseDecoderLibrary">
<arg>${controller}</arg>
<status status="PASS" starttime="20220406 21:55:43.795" endtime="20220406 21:55:43.800"/>
</kw>
<status status="PASS" starttime="20220406 21:55:43.786" endtime="20220406 21:55:43.800"/>
</kw>
<status status="PASS" starttime="20220406 21:55:42.149" endtime="20220406 21:55:43.801"/>
</test>
<doc>Example of morse transmitter test

Change this example to use data driven style
Test with different texts and speeds</doc>
<status status="PASS" starttime="20220406 21:55:41.959" endtime="20220406 21:55:43.805"/>
</suite>
<statistics>
<total>
<stat pass="1" fail="0" skip="0">All Tests</stat>
</total>
<tag>
</tag>
<suite>
<stat pass="1" fail="0" skip="0" id="s1" name="Morse">Morse</stat>
</suite>
</statistics>
<errors>
</errors>
</robot>
